"../../../Engine/Content/Functions/Engine_MaterialFunctions02/SplitComponents.uasset" 0
"../../../Engine/Content/Functions/Engine_MaterialFunctions02/Utility/BlendAngleCorrectedNormals.uasset" 1
"../../../Engine/Content/Functions/Engine_MaterialFunctions02/Utility/MakeFloat2.uasset" 2
"../../../Engine/Content/Functions/MaterialLayerFunctions/MatLayerBlend_Standard.uasset" 3
"../../../../../../System32/Git/Path-Of-Exile-3.9-Tane-Octavius-Character-Card/POE_TaneOctaviusCard/Content/SubstanceMaterial/GreenDiamond_Base.uasset" 4
"../../../../../../System32/Git/Path-Of-Exile-3.9-Tane-Octavius-Character-Card/POE_TaneOctaviusCard/Content/SubstanceMaterial/GreenDiamond_Metailc.uasset" 5
"../../../../../../System32/Git/Path-Of-Exile-3.9-Tane-Octavius-Character-Card/POE_TaneOctaviusCard/Content/SubstanceMaterial/GreenDiamond_Normal.uasset" 6
"../../../../../../System32/Git/Path-Of-Exile-3.9-Tane-Octavius-Character-Card/POE_TaneOctaviusCard/Content/TaneOctavius/Cloud_3.uasset" 7
"../../../../../../System32/Git/Path-Of-Exile-3.9-Tane-Octavius-Character-Card/POE_TaneOctaviusCard/Content/TaneOctavius/MetaMorphBackSmoke.uasset" 8
"../../../../../../System32/Git/Path-Of-Exile-3.9-Tane-Octavius-Character-Card/POE_TaneOctaviusCard/Content/TaneOctavius/MetaMorphBlack.uasset" 9
"../../../../../../System32/Git/Path-Of-Exile-3.9-Tane-Octavius-Character-Card/POE_TaneOctaviusCard/Content/TaneOctavius/MetaMorphEmblemBlack.uasset" 10
"../../../../../../System32/Git/Path-Of-Exile-3.9-Tane-Octavius-Character-Card/POE_TaneOctaviusCard/Content/TaneOctavius/MetaMorphMask.uasset" 11
"../../../../../../System32/Git/Path-Of-Exile-3.9-Tane-Octavius-Character-Card/POE_TaneOctaviusCard/Content/TaneOctavius/MetaMorphNorm.uasset" 12
"../../../../../../System32/Git/Path-Of-Exile-3.9-Tane-Octavius-Character-Card/POE_TaneOctaviusCard/Content/TaneOctavius/Moisture_Noise.uasset" 13
"../../../../../../System32/Git/Path-Of-Exile-3.9-Tane-Octavius-Character-Card/POE_TaneOctaviusCard/Content/TaneOctavius/CardBackFaceMaterialFunction.uasset" 14
"../../../../../../System32/Git/Path-Of-Exile-3.9-Tane-Octavius-Character-Card/POE_TaneOctaviusCard/Content/TaneOctavius/CharacterMask.uasset" 15
"../../../../../../System32/Git/Path-Of-Exile-3.9-Tane-Octavius-Character-Card/POE_TaneOctaviusCard/Content/TaneOctavius/Cloud.uasset" 16
"../../../../../../System32/Git/Path-Of-Exile-3.9-Tane-Octavius-Character-Card/POE_TaneOctaviusCard/Content/TaneOctavius/Crystal.uasset" 17
"../../../../../../System32/Git/Path-Of-Exile-3.9-Tane-Octavius-Character-Card/POE_TaneOctaviusCard/Content/TaneOctavius/Glow_Parts.uasset" 18
"../../../../../../System32/Git/Path-Of-Exile-3.9-Tane-Octavius-Character-Card/POE_TaneOctaviusCard/Content/TaneOctavius/Metal_Parts.uasset" 19
"../../../../../../System32/Git/Path-Of-Exile-3.9-Tane-Octavius-Character-Card/POE_TaneOctaviusCard/Content/TaneOctavius/Normal.uasset" 20
"../../../../../../System32/Git/Path-Of-Exile-3.9-Tane-Octavius-Character-Card/POE_TaneOctaviusCard/Content/TaneOctavius/Octavius_Card_BackGround.uasset" 21
"../../../../../../System32/Git/Path-Of-Exile-3.9-Tane-Octavius-Character-Card/POE_TaneOctaviusCard/Content/TaneOctavius/Octavius_Card_Gaussian_Drpth.uasset" 22
"../../../../../../System32/Git/Path-Of-Exile-3.9-Tane-Octavius-Character-Card/POE_TaneOctaviusCard/Content/TaneOctavius/RampOrder.uasset" 23
"../../../../../../System32/Git/Path-Of-Exile-3.9-Tane-Octavius-Character-Card/POE_TaneOctaviusCard/Content/TaneOctavius/RampTexture.uasset" 24
"../../../../../../System32/Git/Path-Of-Exile-3.9-Tane-Octavius-Character-Card/POE_TaneOctaviusCard/Content/TaneOctavius/CardFrontFaceMaterialFunction.uasset" 25
"../../../../../../System32/Git/Path-Of-Exile-3.9-Tane-Octavius-Character-Card/POE_TaneOctaviusCard/Content/TaneOctavius/TaneOctaviusCard.uasset" 26
"../../../../../../System32/Git/Path-Of-Exile-3.9-Tane-Octavius-Character-Card/POE_TaneOctaviusCard/Content/TaneOctavius/Material_TaneOctivusCard.uasset" 27
"../../../../../../System32/Git/Path-Of-Exile-3.9-Tane-Octavius-Character-Card/POE_TaneOctaviusCard/Content/TaneOctavius/Material_CardFrontFace.uasset" 28
"../../../../../../System32/Git/Path-Of-Exile-3.9-Tane-Octavius-Character-Card/POE_TaneOctaviusCard/Content/TaneOctavius/card.uasset" 29
"../../../../../../System32/Git/Path-Of-Exile-3.9-Tane-Octavius-Character-Card/POE_TaneOctaviusCard/Content/TaneOctavius/card_DynamicRotation.uasset" 30
"../../../../../../System32/Git/Path-Of-Exile-3.9-Tane-Octavius-Character-Card/POE_TaneOctaviusCard/Content/card_DynamicRotation.uasset" 31
"../../../../../../System32/Git/Path-Of-Exile-3.9-Tane-Octavius-Character-Card/POE_TaneOctaviusCard/Content/CustomRotation.uasset" 32
"../../../../../../System32/Git/Path-Of-Exile-3.9-Tane-Octavius-Character-Card/POE_TaneOctaviusCard/Content/New_Graph_MAT.uasset" 33
"../../../../../../System32/Git/Path-Of-Exile-3.9-Tane-Octavius-Character-Card/POE_TaneOctaviusCard/Content/TaneOctavius/CloudText.uasset" 34
"../../../../../../System32/Git/Path-Of-Exile-3.9-Tane-Octavius-Character-Card/POE_TaneOctaviusCard/Content/TaneOctavius/More_Text.uasset" 35
"../../../../../../System32/Git/Path-Of-Exile-3.9-Tane-Octavius-Character-Card/POE_TaneOctaviusCard/Content/TaneOctavius/Text_Material.uasset" 36
"../../../../../../System32/Git/Path-Of-Exile-3.9-Tane-Octavius-Character-Card/POE_TaneOctaviusCard/Content/Text_Material.uasset" 37
"../../../../../../System32/Git/Path-Of-Exile-3.9-Tane-Octavius-Character-Card/POE_TaneOctaviusCard/Content/TaneOctavius/Tane.uasset" 38
"../../../../../../System32/Git/Path-Of-Exile-3.9-Tane-Octavius-Character-Card/POE_TaneOctaviusCard/Content/TaneOctavius/Text_Material_Tane.uasset" 39
"../../../../../../System32/Git/Path-Of-Exile-3.9-Tane-Octavius-Character-Card/POE_TaneOctaviusCard/Content/Text_Material_Tane.uasset" 40
"../../../../../../System32/Git/Path-Of-Exile-3.9-Tane-Octavius-Character-Card/POE_TaneOctaviusCard/Content/SubstanceMaterial/GreenDiamond_AO.uasset" 41
"../../../../../../System32/Git/Path-Of-Exile-3.9-Tane-Octavius-Character-Card/POE_TaneOctaviusCard/Content/TaneOctavius/Glow_Parts_Gaussian.uasset" 42
"../../../../../../System32/Git/Path-Of-Exile-3.9-Tane-Octavius-Character-Card/POE_TaneOctaviusCard/Content/TaneOctavius/Material_001_Inst.uasset" 43
"../../../../../../System32/Git/Path-Of-Exile-3.9-Tane-Octavius-Character-Card/POE_TaneOctaviusCard/Content/TaneOctavius/MetaMorph.uasset" 44
"../../../../../../System32/Git/Path-Of-Exile-3.9-Tane-Octavius-Character-Card/POE_TaneOctaviusCard/Content/TaneOctavius/More_Opacity.uasset" 45
"../../../../../../System32/Git/Path-Of-Exile-3.9-Tane-Octavius-Character-Card/POE_TaneOctaviusCard/Content/TaneOctavius/NormalBlend.uasset" 46
"../../../../../../System32/Git/Path-Of-Exile-3.9-Tane-Octavius-Character-Card/POE_TaneOctaviusCard/Content/TaneOctavius/Octavius_Card.uasset" 47
"../../../../../../System32/Git/Path-Of-Exile-3.9-Tane-Octavius-Character-Card/POE_TaneOctaviusCard/Content/TaneOctavius/Octavius_Card_Depth.uasset" 48
"../../../Engine/Content/Animation/DefaultAnimCurveCompressionSettings.uasset" 49
"../../../Engine/Content/Functions/Engine_MaterialFunctions01/Opacity/CameraDepthFade.uasset" 50
"../../../Engine/Content/EngineMaterials/T_Default_Material_Grid_M.uasset" 51
"../../../Engine/Content/EngineMaterials/T_Default_Material_Grid_N.uasset" 52
"../../../Engine/Content/EngineMaterials/WorldGridMaterial.uasset" 53
"../../../Engine/Content/ArtTools/RenderToTexture/Meshes/S_1_Unit_Plane.uasset" 54
"../../../Engine/Content/EngineMaterials/DefaultMaterial.uasset" 55
"../../../Engine/Content/BasicShapes/Cone.uasset" 56
"../../../Engine/Content/BasicShapes/Cube.uasset" 57
"../../../Engine/Content/BasicShapes/Cylinder.uasset" 58
"../../../Engine/Content/BasicShapes/Sphere.uasset" 59
"../../../Engine/Content/EditorLandscapeResources/DataLayer.uasset" 60
"../../../Engine/Content/EditorMaterials/GizmoMaterial.uasset" 61
"../../../Engine/Content/EditorMaterials/MAT_Groups_Toggle.uasset" 62
"../../../Engine/Content/EditorMaterials/MAT_Groups_Visibility.uasset" 63
"../../../Engine/Content/EditorMaterials/PreviewShadowIndicator.uasset" 64
"../../../Engine/Content/EditorMaterials/PreviewShadowIndicatorMaterial.uasset" 65
"../../../Engine/Content/EditorMaterials/MatineeGroups/MAT_ColorTrack.uasset" 66
"../../../Engine/Content/EditorMaterials/MatineeGroups/MAT_Groups_Anim.uasset" 67
"../../../Engine/Content/EditorMaterials/MatineeGroups/MAT_Groups_AudioMaster.uasset" 68
"../../../Engine/Content/EditorMaterials/MatineeGroups/MAT_Groups_Director.uasset" 69
"../../../Engine/Content/EditorMaterials/MatineeGroups/MAT_Groups_Event.uasset" 70
"../../../Engine/Content/EditorMaterials/MatineeGroups/MAT_Groups_Fade.uasset" 71
"../../../Engine/Content/EditorMaterials/MatineeGroups/MAT_Groups_Float.uasset" 72
"../../../Engine/Content/EditorMaterials/MatineeGroups/MAT_Groups_Move.uasset" 73
"../../../Engine/Content/EditorMaterials/MatineeGroups/MAT_Groups_Slomo.uasset" 74
"../../../Engine/Content/EditorMaterials/MatineeGroups/MAT_Groups_Sound.uasset" 75
"../../../Engine/Content/EditorMaterials/MatineeGroups/MAT_Groups_Vector.uasset" 76
"../../../Engine/Content/EditorMaterials/ParticleSystems/PSysThumbnail_NoImage.uasset" 77
"../../../Engine/Content/EditorMaterials/ParticleSystems/PSysThumbnail_OOD.uasset" 78
"../../../Engine/Content/EditorMaterials/Camera/CineMat.uasset" 79
"../../../Engine/Content/EditorMaterials/Camera/MI_CineMat_Rig.uasset" 80
"../../../Engine/Content/EditorMeshes/Camera/SM_CraneRig_Arm.uasset" 81
"../../../Engine/Content/EditorMeshes/Camera/SM_CraneRig_Base.uasset" 82
"../../../Engine/Content/EditorMeshes/Camera/SM_CraneRig_Body.uasset" 83
"../../../Engine/Content/EditorMeshes/Camera/SM_CraneRig_Mount.uasset" 84
"../../../Engine/Content/EditorMeshes/Camera/SM_RailRig_Mount.uasset" 85
"../../../Engine/Content/EditorMeshes/Camera/SM_RailRig_Track.uasset" 86
"../../../Engine/Content/EditorResources/BSPVertex.uasset" 87
"../../../Engine/Content/EditorResources/EmptyActor.uasset" 88
"../../../Engine/Content/EditorResources/S_Actor.uasset" 89
"../../../Engine/Content/EditorResources/S_Note.uasset" 90
"../../../Engine/Content/EditorResources/S_Trigger.uasset" 91
"../../../Engine/Content/EditorResources/LightIcons/S_LightError.uasset" 92
"../../../Engine/Content/EditorResources/SequenceRecorder/Countdown.uasset" 93
"../../../Engine/Content/EditorResources/SequenceRecorder/RecordingIndicator.uasset" 94
"../../../Engine/Content/EditorSounds/Notifications/CompileFailed.uasset" 95
"../../../Engine/Content/EditorSounds/Notifications/CompileFailed_Cue.uasset" 96
"../../../Engine/Content/EditorSounds/Notifications/CompileSuccess.uasset" 97
"../../../Engine/Content/EditorSounds/Notifications/CompileStart_Cue.uasset" 98
"../../../Engine/Content/EditorSounds/Notifications/CompileSuccess_Cue.uasset" 99
"../../../Engine/Content/EngineDamageTypes/DmgTypeBP_Environmental.uasset" 100
"../../../Engine/Content/EngineDebugMaterials/HeatmapGradient.uasset" 101
"../../../Engine/Content/EngineDebugMaterials/BoneWeightMaterial.uasset" 102
"../../../Engine/Content/EngineDebugMaterials/ClothMaterial.uasset" 103
"../../../Engine/Content/EngineDebugMaterials/ClothMaterial_WF.uasset" 104
"../../../Engine/Content/EngineDebugMaterials/DebugEditorMaterial.uasset" 105
"../../../Engine/Content/EngineDebugMaterials/DebugMeshMaterial.uasset" 106
"../../../Engine/Content/EngineDebugMaterials/GeomMaterial.uasset" 107
"../../../Engine/Content/EngineDebugMaterials/M_SimpleTranslucent.uasset" 108
"../../../Engine/Content/EngineFonts/Faces/RobotoBold.uasset" 109
"../../../Engine/Content/EngineFonts/Faces/RobotoBoldItalic.uasset" 110
"../../../Engine/Content/EngineFonts/Faces/RobotoItalic.uasset" 111
"../../../Engine/Content/EngineFonts/Faces/RobotoLight.uasset" 112
"../../../Engine/Content/EngineFonts/Faces/RobotoRegular.uasset" 113
"../../../Engine/Content/EngineFonts/Roboto.uasset" 114
"../../../Engine/Content/EngineFonts/Faces/RobotoTiny.uasset" 115
"../../../Engine/Content/EngineFonts/RobotoTiny.uasset" 116
"../../../Engine/Content/EngineMaterials/BaseFlattenDiffuseMap.uasset" 117
"../../../Engine/Content/EngineMaterials/BaseFlattenEmissiveMap.uasset" 118
"../../../Engine/Content/EngineMaterials/BaseFlattenGrayscaleMap.uasset" 119
"../../../Engine/Content/EngineMaterials/BaseFlattenNormalMap.uasset" 120
"../../../Engine/Content/EngineMaterials/BaseFlattenMaterial.uasset" 121
"../../../Engine/Content/EngineMaterials/DefaultBloomKernel.uasset" 122
"../../../Engine/Content/EngineMaterials/DefaultBokeh.uasset" 123
"../../../Engine/Content/EngineMaterials/DefaultDiffuse.uasset" 124
"../../../Engine/Content/EngineMaterials/DefaultDeferredDecalMaterial.uasset" 125
"../../../Engine/Content/EngineMaterials/DefaultLightFunctionMaterial.uasset" 126
"../../../Engine/Content/EngineMaterials/DefaultPhysicalMaterial.uasset" 127
"../../../Engine/Content/Functions/Engine_MaterialFunctions02/Utility/BreakOutFloat2Components.uasset" 128
"../../../Engine/Content/EngineMaterials/DefaultPostProcessMaterial.uasset" 129
"../../../Engine/Content/EngineFonts/RobotoDistanceField.uasset" 130
"../../../Engine/Content/EngineMaterials/DefaultTextMaterialOpaque.uasset" 131
"../../../Engine/Content/EngineMaterials/DefaultWhiteGrid.uasset" 132
"../../../Engine/Content/EngineMaterials/EditorBrushMaterial.uasset" 133
"../../../Engine/Content/EngineMaterials/Good64x64TilingNoiseHighFreq.uasset" 134
"../../../Engine/Content/EngineMaterials/MiniFont.uasset" 135
"../../../Engine/Content/EngineMaterials/InvalidLightmapSettings.uasset" 136
"../../../Engine/Content/EngineMaterials/M_InvalidLightmapSettings.uasset" 137
"../../../Engine/Content/Functions/Engine_MaterialFunctions02/WorldPositionOffset/CameraOffset.uasset" 138
"../../../Engine/Content/EngineMaterials/PhAT_JointLimitMaterial.uasset" 139
"../../../Engine/Content/EngineMaterials/PreintegratedSkinBRDF.uasset" 140
"../../../Engine/Content/EngineMaterials/RemoveSurfaceMaterial.uasset" 141
"../../../Engine/Content/EngineMaterials/WeightMapPlaceholderTexture.uasset" 142
"../../../Engine/Content/EngineResources/WhiteSquareTexture.uasset" 143
"../../../Engine/Content/EngineMaterials/Widget3DPassThrough.uasset" 144
"../../../Engine/Content/EngineMaterials/Widget3DPassThrough_Masked.uasset" 145
"../../../Engine/Content/EngineMaterials/Widget3DPassThrough_Opaque.uasset" 146
"../../../Engine/Content/EngineMaterials/Widget3DPassThrough_Masked_OneSided.uasset" 147
"../../../Engine/Content/EngineMaterials/Widget3DPassThrough_Opaque_OneSided.uasset" 148
"../../../Engine/Content/EngineMaterials/Widget3DPassThrough_Translucent.uasset" 149
"../../../Engine/Content/EngineMaterials/Widget3DPassThrough_Translucent_OneSided.uasset" 150
"../../../Engine/Content/EngineMeshes/Cylinder.uasset" 151
"../../../Engine/Content/EngineMeshes/Sphere.uasset" 152
"../../../Engine/Content/EngineResources/Black.uasset" 153
"../../../Engine/Content/EngineResources/DefaultTexture.uasset" 154
"../../../Engine/Content/EngineResources/DefaultTextureCube.uasset" 155
"../../../Engine/Content/EngineResources/DefaultVolumeTexture2D.uasset" 156
"../../../Engine/Content/EngineResources/DefaultVolumeTexture.uasset" 157
"../../../Engine/Content/EngineResources/GradientTexture0.uasset" 158
"../../../Engine/Content/EngineSounds/Master.uasset" 159
"../../../Engine/Content/Functions/Engine_MaterialFunctions01/Shading/ConvertFromDiffSpec.uasset" 160
"../../../Engine/Content/Functions/Engine_MaterialFunctions01/Shading/PowerToRoughness.uasset" 161
"../../../Engine/Content/Maps/Templates/Thumbnails/Default.uasset" 162
"../../../Engine/Content/Maps/Templates/Thumbnails/VR-Basic.uasset" 163
"../../../Engine/Content/MobileResources/T_MobileControls_texture.uasset" 164
"../../../Engine/Content/MobileResources/T_MobileMenu2.uasset" 165
"../../../Engine/Content/MobileResources/HUD/AnalogHat.uasset" 166
"../../../Engine/Content/MobileResources/HUD/VirtualJoystick_Background.uasset" 167
"../../../Engine/Content/MobileResources/HUD/VirtualJoystick_Thumb.uasset" 168
"../../../Engine/Content/MobileResources/HUD/DefaultVirtualJoysticks.uasset" 169
"../../../Engine/Content/MobileResources/HUD/LeftVirtualJoystickOnly.uasset" 170
"../../../Engine/Content/MobileResources/HUD/MobileHUDButton1_off.uasset" 171
"../../../Engine/Content/MobileResources/HUD/MobileHUDButton1_on.uasset" 172
"../../../Engine/Content/MobileResources/HUD/MobileHUDButton2_off.uasset" 173
"../../../Engine/Content/MobileResources/HUD/MobileHUDButton2_on.uasset" 174
"../../../Engine/Content/MobileResources/HUD/MobileHUDButton3.uasset" 175
"../../../Engine/Content/MobileResources/HUD/MobileHUDButtonFire.uasset" 176
"../../../Engine/Content/MobileResources/HUD/MobileHUDDirectionPad.uasset" 177
"../../../Engine/Content/MobileResources/HUD/MobileHUDDirectionPad2.uasset" 178
"../../../Engine/Content/MobileResources/HUD/MobileHUDDirectionPad3.uasset" 179
"../../../Engine/Content/MobileResources/HUD/MobileHUDDirectionStick.uasset" 180
"../../../Engine/Content/MobileResources/HUD/T_Castle_ThumbstickInner.uasset" 181
"../../../Engine/Content/MobileResources/HUD/T_Castle_ThumbstickOutter.uasset" 182
"../../../Engine/Content/Tutorial/ContentIntroCurve.uasset" 183
"../../../Engine/Content/Tutorial/Basics/LevelEditorAttract.uasset" 184
"../../../Engine/Content/Tutorial/SubEditors/GettingSubstance.uasset" 185
"../../../Engine/Content/VREditor/LaserPointer/VR_LaserPower_01.uasset" 186
"../../../Engine/Content/VREditor/TransformGizmo/TransformGizmoMaterial.uasset" 187
"../../../Engine/Content/VREditor/TransformGizmo/TranslucentTransformGizmoMaterial.uasset" 188
"../../../Engine/Content/VREditor/TransformGizmo/BoundingBoxCorner.uasset" 189
"../../../Engine/Content/VREditor/TransformGizmo/BoundingBoxEdge.uasset" 190
"../../../Engine/Content/VREditor/TransformGizmo/PlaneTranslationHandle.uasset" 191
"../../../Engine/Content/VREditor/TransformGizmo/Main.uasset" 192
"../../../Engine/Content/VREditor/TransformGizmo/Xray.uasset" 193
"../../../Engine/Content/VREditor/TransformGizmo/SM_Sequencer_Key.uasset" 194
"../../../Engine/Content/VREditor/TransformGizmo/SM_Sequencer_Node.uasset" 195
"../../Plugins/2D/Paper2D/Content/PlaceholderTextures/DummySpriteTexture.uasset" 196
"../../Plugins/2D/Paper2D/Content/DummySprite.uasset" 197
"../../Plugins/2D/Paper2D/Content/DefaultPaperTerrainMaterial.uasset" 198
"../../Plugins/2D/Paper2D/Content/DummySpriteTexture.uasset" 199
"../../Plugins/2D/Paper2D/Content/DefaultSpriteMaterial.uasset" 200
"../../Plugins/2D/Paper2D/Content/MaskedUnlitSpriteMaterial.uasset" 201
"../../Plugins/2D/Paper2D/Content/OpaqueUnlitSpriteMaterial.uasset" 202
"../../Plugins/Runtime/HoudiniEngine/Content/houdini_bgeo_import.uasset" 203
"../../Plugins/Runtime/HoudiniEngine/Content/houdini_default_material.uasset" 204
"../../Plugins/Runtime/HoudiniEngine/Content/houdini_logo.uasset" 205
"../../Plugins/Runtime/Oculus/OculusVR/Content/OculusMR_RenderTarget.uasset" 206
"../../../Engine/Content/Functions/Engine_MaterialFunctions02/Utility/BreakOutFloat4Components.uasset" 207
"../../../Engine/Content/Functions/Engine_MaterialFunctions02/Utility/MakeFloat3.uasset" 208
"../../Plugins/Runtime/Oculus/OculusVR/Content/Materials/OculusMR_ChromaKey.uasset" 209
"../../Plugins/Runtime/Oculus/OculusVR/Content/Materials/OculusMR_ChromaKey_Lit.uasset" 210
"../../Plugins/Runtime/Oculus/OculusVR/Content/Materials/OculusMR_OpaqueColoredMaterial.uasset" 211
"../../Plugins/Runtime/Oculus/OculusVR/Content/Materials/OculusMR_WhiteMaterial.uasset" 212
"../../Plugins/Runtime/Oculus/OculusVR/Content/Materials/PokeAHoleMaterial.uasset" 213
"../../Plugins/Runtime/Oculus/OculusVR/Content/Textures/GearVRController_AO.uasset" 214
"../../Plugins/Runtime/Oculus/OculusVR/Content/Textures/GearVRController_Color.uasset" 215
"../../Plugins/Runtime/Oculus/OculusVR/Content/Textures/GearVRController_Normal.uasset" 216
"../../Plugins/Runtime/Oculus/OculusVR/Content/Materials/GearVRControllerMaterial.uasset" 217
"../../Plugins/Runtime/Oculus/OculusVR/Content/Meshes/GearVrController.uasset" 218
"../../Plugins/Runtime/Oculus/OculusVR/Content/Textures/touchController_albedo.uasset" 219
"../../Plugins/Runtime/Oculus/OculusVR/Content/Textures/touchController_controlmap.uasset" 220
"../../Plugins/Runtime/Oculus/OculusVR/Content/Materials/touchController_mat.uasset" 221
"../../Plugins/Runtime/Oculus/OculusVR/Content/Meshes/LeftTouchController.uasset" 222
"../../Plugins/Runtime/Oculus/OculusVR/Content/Meshes/RiftHMD.uasset" 223
"../../Plugins/Runtime/Oculus/OculusVR/Content/Meshes/RightTouchController.uasset" 224
"../../../../../../System32/Git/Path-Of-Exile-3.9-Tane-Octavius-Character-Card/POE_TaneOctaviusCard/Content/CardScene_BuiltData.uasset" 225
"../../../../../../System32/Git/Path-Of-Exile-3.9-Tane-Octavius-Character-Card/POE_TaneOctaviusCard/Content/SubstanceMaterial/ChessTile_AO.uasset" 226
"../../../../../../System32/Git/Path-Of-Exile-3.9-Tane-Octavius-Character-Card/POE_TaneOctaviusCard/Content/SubstanceMaterial/ChessTile_Base.uasset" 227
"../../../../../../System32/Git/Path-Of-Exile-3.9-Tane-Octavius-Character-Card/POE_TaneOctaviusCard/Content/SubstanceMaterial/ChessTile_Height.uasset" 228
"../../../../../../System32/Git/Path-Of-Exile-3.9-Tane-Octavius-Character-Card/POE_TaneOctaviusCard/Content/SubstanceMaterial/ChessTile_Metalic.uasset" 229
"../../../../../../System32/Git/Path-Of-Exile-3.9-Tane-Octavius-Character-Card/POE_TaneOctaviusCard/Content/SubstanceMaterial/ChessTile_Normal.uasset" 230
"../../../../../../System32/Git/Path-Of-Exile-3.9-Tane-Octavius-Character-Card/POE_TaneOctaviusCard/Content/SubstanceMaterial/ChessTile.uasset" 231
"../../../Engine/Content/BasicShapes/Plane.uasset" 232
"../../../../../../System32/Git/Path-Of-Exile-3.9-Tane-Octavius-Character-Card/POE_TaneOctaviusCard/Content/CardScene.umap" 233
"../../../Engine/Content/Maps/Entry_BuiltData.uasset" 234
"../../../Engine/Content/Maps/Entry.umap" 235
